<?xml version="1.0" encoding="UTF-8"?>
<!-- Generated by org.testng.reporters.JUnitReportReporter -->
<testsuite skipped="0" hostname="INPF0YUV1V" name="pac1.NewTest" tests="1" failures="0" timestamp="25 Sep 2020 09:02:33 GMT" time="17.688" errors="0">
  <testcase name="f" time="17.688" classname="pac1.NewTest"/>
</testsuite> <!-- pac1.NewTest -->
