<?xml version="1.0" encoding="UTF-8"?>
<!-- Generated by org.testng.reporters.JUnitReportReporter -->
<testsuite skipped="0" hostname="INPF0YUV1V" name="pac1.NewTest1" tests="1" failures="0" timestamp="25 Sep 2020 09:14:56 GMT" time="12.847" errors="0">
  <testcase name="f" time="12.847" classname="pac1.NewTest1"/>
</testsuite> <!-- pac1.NewTest1 -->
