<?xml version="1.0" encoding="UTF-8"?>
<!-- Generated by org.testng.reporters.JUnitReportReporter -->
<testsuite skipped="0" hostname="INPF0YUV1V" name="pac1.TestAll" tests="1" failures="0" timestamp="24 Sep 2020 11:35:16 GMT" time="30.688" errors="0">
  <testcase name="checkRadioButton" time="30.688" classname="pac1.TestAll"/>
</testsuite> <!-- pac1.TestAll -->
