<?xml version="1.0" encoding="UTF-8"?>
<!-- Generated by org.testng.reporters.JUnitReportReporter -->
<testsuite skipped="0" hostname="INPF0YUV1V" name="spicejet.NewTest" tests="1" failures="0" timestamp="28 Sep 2020 08:31:08 GMT" time="41.372" errors="0">
  <testcase name="f" time="41.372" classname="spicejet.NewTest"/>
</testsuite> <!-- spicejet.NewTest -->
