<?xml version="1.0" encoding="UTF-8"?>
<!-- Generated by org.testng.reporters.JUnitReportReporter -->
<testsuite skipped="0" hostname="INPF0YUV1V" name="pac1.RadioButtonMaven" tests="1" failures="0" timestamp="24 Sep 2020 07:08:46 GMT" time="18.996" errors="0">
  <testcase name="checkRadioButton" time="18.996" classname="pac1.RadioButtonMaven"/>
</testsuite> <!-- pac1.RadioButtonMaven -->
