<?xml version="1.0" encoding="UTF-8"?>
<!-- Generated by org.testng.reporters.JUnitReportReporter -->
<testsuite skipped="0" hostname="INPF0YUV1V" name="pac1.First" tests="1" failures="0" timestamp="19 Sep 2020 08:15:57 GMT" time="33.560" errors="0">
  <testcase name="test" time="33.560" classname="pac1.First"/>
</testsuite> <!-- pac1.First -->
